<?xml version="1.0" encoding="UTF-8"?>
<!-- Generated by org.testng.reporters.JUnitReportReporter -->
<testsuite hostname="DESKTOP-4S2TVQ5" failures="0" tests="2" name="Html_auto" time="6.332" errors="0" timestamp="2022-11-25T14:22:22 GMT+02:00" skipped="0">
  <testcase classname="Html_auto" name="sort_items_low_to_high" time="3.192"/>
  <system-out/>
  <testcase classname="Html_auto" name="sort_items_high_to_low" time="3.140"/>
  <system-out/>
</testsuite> <!-- Html_auto -->
