<?xml version="1.0" encoding="UTF-8"?>
<!-- Generated by org.testng.reporters.JUnitReportReporter -->
<testsuite hostname="DESKTOP-4S2TVQ5" failures="0" tests="2" name="HTML" time="0.052" errors="0" timestamp="2022-11-18T19:10:44 GMT+02:00" skipped="0">
  <testcase classname="HTML" name="Test_the_Logout_Process" time="0.026"/>
  <system-out/>
  <testcase classname="HTML" name="Test_the_Title" time="0.026"/>
  <system-out/>
</testsuite> <!-- HTML -->
